GAS LISTING mul.s 			page 1


   1 0000 9382F200 	addi x5, x5, 15
   2 0004 13034300 	addi x6, x6, 4
   3 0008 130EEEFF 	addi x28, x28, -2
   4 000c 938EFEFF 	addi x29, x29, -1
   5 0010 130F0F10 	addi x30, x30, 256
   6              	
   7 0014 B383C203 	mul x7, x5, x28
   8 0018 BB83C203 	mulw x7, x5, x28
   9 001c B393E203 	mulh x7, x5, x30
  10 0020 B323DE03 	mulhsu x7, x28, x29
  11 0024 B3B3D703 	mulhu x7, x15, x29
  12              	
  13 0028 B3C3C203 	div x7, x5, x28
  14 002c BBC3C203 	divw x7, x5, x28
  15 0030 B3D36202 	divu x7, x5, x6
  16 0034 B3D3D203 	divu x7, x5, x29
  17 0038 BB536F02 	divuw x7, x30, x6
  18 003c BB53DF03 	divuw x7, x30, x29
  19              	
  20 0040 B3E3C203 	rem x7, x5, x28
  21 0044 BBE3C203 	remw x7, x5, x28
  22 0048 B3F36202 	remu x7, x5, x6
  23 004c B3F3D203 	remu x7, x5, x29
  24 0050 BB736F02 	remuw x7, x30, x6
  25 0054 B373DF03 	remu x7, x30, x29
GAS LISTING mul.s 			page 2


NO DEFINED SYMBOLS

NO UNDEFINED SYMBOLS
