xmverilog(64): 19.03-s009: (c) Copyright 1995-2019 Cadence Design Systems, Inc.
TOOL:	xmverilog	19.03-s009: Started on May 17, 2021 at 20:04:45 KST
ncverilog
	+sv
	-f alu_rtl.f
		./alu_tb.sv
		./handler.c
		./instruction.c
		./proc.c
		./thiss.c
		../rtl/alu_decoder.v
		../rtl/reg_file.v
		../rtl/alutop.v
		../rtl/alu_ctrl.v
		../rtl/alu_ver2.v
		../rtl/alu_reg.v
xmverilog: *W,NCEXDEP: Executable (ncverilog) is deprecated. Use (xmverilog) instead.
Loading snapshot worklib.alu_tb:sv .................... Done
xmsim: *W,DSEM2009: This SystemVerilog design is simulated as per IEEE 1800-2009 SystemVerilog simulation semantics. Use -disable_sem2009 option for turning off SV 2009 simulation semantics.
xcelium> source /tools/EDA/cadence/xcelium/tools/xcelium/files/xmsimrc
xcelium> run
